2020-06-21 18:07:06 INFO  Version:21 - HV000001: Hibernate Validator 6.1.5.Final
2020-06-21 18:07:06 INFO  App:55 - Starting App on DarvisdeMacBook-Air.local with PID 4485 (/Users/darvis/Documents/GitHub/OnlineStore/online_store/ols_api/target/classes started by darvis in /Users/darvis/Documents/GitHub/OnlineStore)
2020-06-21 18:07:06 INFO  App:651 - No active profile set, falling back to default profiles: default
2020-06-21 18:07:07 INFO  RepositoryConfigurationDelegate:127 - Bootstrapping Spring Data JPA repositories in DEFERRED mode.
2020-06-21 18:07:07 INFO  RepositoryConfigurationDelegate:187 - Finished Spring Data repository scanning in 46ms. Found 2 JPA repository interfaces.
2020-06-21 18:07:08 INFO  TomcatWebServer:108 - Tomcat initialized with port(s): 8088 (http)
2020-06-21 18:07:08 INFO  ContextLoader:284 - Root WebApplicationContext: initialization completed in 1524 ms
2020-06-21 18:07:08 INFO  ThreadPoolTaskExecutor:181 - Initializing ExecutorService 'applicationTaskExecutor'
2020-06-21 18:07:08 INFO  Version:44 - HHH000412: Hibernate ORM core version 5.4.15.Final
2020-06-21 18:07:08 INFO  Version:49 - HCANN000001: Hibernate Commons Annotations {5.1.0.Final}
2020-06-21 18:07:08 WARN  JpaBaseConfiguration$JpaWebConfiguration:220 - spring.jpa.open-in-view is enabled by default. Therefore, database queries may be performed during view rendering. Explicitly configure spring.jpa.open-in-view to disable this warning
2020-06-21 18:07:08 INFO  HikariDataSource:110 - HikariPool-1 - Starting...
2020-06-21 18:07:08 INFO  HikariDataSource:123 - HikariPool-1 - Start completed.
2020-06-21 18:07:08 INFO  Dialect:172 - HHH000400: Using dialect: org.hibernate.dialect.MariaDB103Dialect
2020-06-21 18:07:09 INFO  JtaPlatformInitiator:52 - HHH000490: Using JtaPlatform implementation: [org.hibernate.engine.transaction.jta.platform.internal.NoJtaPlatform]
2020-06-21 18:07:09 INFO  LocalContainerEntityManagerFactoryBean:416 - Initialized JPA EntityManagerFactory for persistence unit 'default'
2020-06-21 18:07:09 INFO  PropertySourcedRequestMappingHandlerMapping:69 - Mapped URL path [/v2/api-docs] onto method [springfox.documentation.swagger2.web.Swagger2Controller#getDocumentation(String, HttpServletRequest)]
2020-06-21 18:07:10 INFO  TomcatWebServer:220 - Tomcat started on port(s): 8088 (http) with context path ''
2020-06-21 18:07:10 INFO  DocumentationPluginsBootstrapper:160 - Context refreshed
2020-06-21 18:07:10 INFO  DocumentationPluginsBootstrapper:163 - Found 1 custom documentation plugin(s)
2020-06-21 18:07:10 INFO  ApiListingReferenceScanner:41 - Scanning for api listing references
2020-06-21 18:07:10 INFO  DeferredRepositoryInitializationListener:49 - Triggering deferred initialization of Spring Data repositories…
2020-06-21 18:07:10 INFO  DeferredRepositoryInitializationListener:53 - Spring Data repositories initialized!
2020-06-21 18:07:10 INFO  App:61 - Started App in 4.055 seconds (JVM running for 9.841)
2020-06-21 18:07:28 INFO  DispatcherServlet:525 - Initializing Servlet 'dispatcherServlet'
2020-06-21 18:07:28 INFO  DispatcherServlet:547 - Completed initialization in 12 ms
2020-06-21 18:07:54 INFO  LocalContainerEntityManagerFactoryBean:598 - Closing JPA EntityManagerFactory for persistence unit 'default'
2020-06-21 18:07:54 INFO  ThreadPoolTaskExecutor:218 - Shutting down ExecutorService 'applicationTaskExecutor'
2020-06-21 18:07:54 INFO  HikariDataSource:350 - HikariPool-1 - Shutdown initiated...
2020-06-21 18:07:54 INFO  HikariDataSource:352 - HikariPool-1 - Shutdown completed.
